  [1m[35m (3.9ms)[0m  [1m[35mCREATE TABLE "schema_migrations" ("version" varchar NOT NULL PRIMARY KEY)[0m
  [1m[35m (3.7ms)[0m  [1m[35mCREATE TABLE "ar_internal_metadata" ("key" varchar NOT NULL PRIMARY KEY, "value" varchar, "created_at" datetime(6) NOT NULL, "updated_at" datetime(6) NOT NULL)[0m
  [1m[36mActiveRecord::SchemaMigration Pluck (0.1ms)[0m  [1m[34mSELECT "schema_migrations"."version" FROM "schema_migrations" ORDER BY "schema_migrations"."version" ASC[0m
Migrating to CreateApiUsers (20240527210637)
  [1m[36mTRANSACTION (0.0ms)[0m  [1m[36mbegin transaction[0m
  [1m[35m (0.2ms)[0m  [1m[35mCREATE TABLE "api_users" ("id" integer PRIMARY KEY AUTOINCREMENT NOT NULL, "name" varchar, "username" varchar, "email" varchar, "created_at" datetime(6) NOT NULL, "updated_at" datetime(6) NOT NULL)[0m
  [1m[36mActiveRecord::SchemaMigration Create (0.1ms)[0m  [1m[32mINSERT INTO "schema_migrations" ("version") VALUES (?)[0m  [["version", "20240527210637"]]
  [1m[36mTRANSACTION (3.1ms)[0m  [1m[36mcommit transaction[0m
  [1m[36mActiveRecord::InternalMetadata Load (0.1ms)[0m  [1m[34mSELECT "ar_internal_metadata".* FROM "ar_internal_metadata" WHERE "ar_internal_metadata"."key" = ? LIMIT ?[0m  [["key", "environment"], ["LIMIT", 1]]
  [1m[36mTRANSACTION (0.0ms)[0m  [1m[36mbegin transaction[0m
  [1m[36mActiveRecord::InternalMetadata Create (0.2ms)[0m  [1m[32mINSERT INTO "ar_internal_metadata" ("key", "value", "created_at", "updated_at") VALUES (?, ?, ?, ?)[0m  [["key", "environment"], ["value", "development"], ["created_at", "2024-05-27 21:08:08.827608"], ["updated_at", "2024-05-27 21:08:08.827608"]]
  [1m[36mTRANSACTION (2.7ms)[0m  [1m[36mcommit transaction[0m
  [1m[36mActiveRecord::SchemaMigration Pluck (0.0ms)[0m  [1m[34mSELECT "schema_migrations"."version" FROM "schema_migrations" ORDER BY "schema_migrations"."version" ASC[0m
  [1m[36mActiveRecord::SchemaMigration Pluck (0.1ms)[0m  [1m[34mSELECT "schema_migrations"."version" FROM "schema_migrations" ORDER BY "schema_migrations"."version" ASC[0m
  [1m[36mTRANSACTION (0.0ms)[0m  [1m[36mbegin transaction[0m
  [1m[36mApi::User Create (0.2ms)[0m  [1m[32mINSERT INTO "api_users" ("name", "username", "email", "created_at", "updated_at") VALUES (?, ?, ?, ?, ?)[0m  [["name", "Cindy Misoi"], ["username", "cindy"], ["email", "crmisoi@gmail.com"], ["created_at", "2024-05-27 21:09:07.846399"], ["updated_at", "2024-05-27 21:09:07.846399"]]
  [1m[36mTRANSACTION (2.8ms)[0m  [1m[36mcommit transaction[0m
Started GET "/" for 127.0.0.1 at 2024-05-28 00:10:54 +0300
  [1m[36mActiveRecord::SchemaMigration Pluck (0.1ms)[0m  [1m[34mSELECT "schema_migrations"."version" FROM "schema_migrations" ORDER BY "schema_migrations"."version" ASC[0m
Processing by Rails::WelcomeController#index as HTML
  Rendering /home/user/.rvm/gems/ruby-3.0.0/gems/railties-7.0.8.3/lib/rails/templates/rails/welcome/index.html.erb
  Rendered /home/user/.rvm/gems/ruby-3.0.0/gems/railties-7.0.8.3/lib/rails/templates/rails/welcome/index.html.erb (Duration: 1.3ms | Allocations: 831)
Completed 200 OK in 15ms (Views: 4.8ms | ActiveRecord: 0.0ms | Allocations: 9255)


Started GET "/api/users" for 127.0.0.1 at 2024-05-28 00:11:04 +0300
Processing by Api::UsersController#index as HTML
Completed 500 Internal Server Error in 4ms (ActiveRecord: 0.0ms | Allocations: 2439)


  
NameError (uninitialized constant Api::UsersController::User):
  
app/controllers/api/users_controller.rb:4:in `index'
Started GET "/api/users" for 127.0.0.1 at 2024-05-28 00:11:28 +0300
Processing by Api::UsersController#index as HTML
Completed 500 Internal Server Error in 2ms (ActiveRecord: 0.0ms | Allocations: 2274)


  
NameError (uninitialized constant Api::UsersController::User):
  
app/controllers/api/users_controller.rb:4:in `index'
Started GET "/api/users" for 127.0.0.1 at 2024-05-28 00:11:29 +0300
Processing by Api::UsersController#index as HTML
Completed 500 Internal Server Error in 1ms (ActiveRecord: 0.0ms | Allocations: 2290)


  
NameError (uninitialized constant Api::UsersController::User):
  
app/controllers/api/users_controller.rb:4:in `index'
Started GET "/api/users" for 127.0.0.1 at 2024-05-28 00:11:55 +0300
Processing by Api::UsersController#index as HTML
  [1m[36mApi::User Load (0.2ms)[0m  [1m[34mSELECT "api_users".* FROM "api_users"[0m
  ↳ app/controllers/api/users_controller.rb:5:in `index'
Completed 200 OK in 13ms (Views: 7.6ms | ActiveRecord: 0.7ms | Allocations: 17864)


Started GET "/api/users" for 127.0.0.1 at 2024-05-28 00:12:21 +0300
Processing by Api::UsersController#index as HTML
  [1m[36mApi::User Load (0.1ms)[0m  [1m[34mSELECT "api_users".* FROM "api_users"[0m
  ↳ app/controllers/api/users_controller.rb:5:in `index'
Completed 200 OK in 5ms (Views: 2.8ms | ActiveRecord: 0.6ms | Allocations: 3457)


  [1m[36mActiveRecord::SchemaMigration Pluck (0.1ms)[0m  [1m[34mSELECT "schema_migrations"."version" FROM "schema_migrations" ORDER BY "schema_migrations"."version" ASC[0m
Migrating to CreateApiAlbums (20240527211616)
  [1m[36mTRANSACTION (0.0ms)[0m  [1m[36mbegin transaction[0m
  [1m[35m (0.4ms)[0m  [1m[35mCREATE TABLE "api_albums" ("id" integer PRIMARY KEY AUTOINCREMENT NOT NULL, "api_user_id" integer NOT NULL, "album_title" varchar, "created_at" datetime(6) NOT NULL, "updated_at" datetime(6) NOT NULL, CONSTRAINT "fk_rails_2063996bab"
FOREIGN KEY ("api_user_id")
  REFERENCES "api_users" ("id")
)[0m
  [1m[35m (0.1ms)[0m  [1m[35mCREATE INDEX "index_api_albums_on_api_user_id" ON "api_albums" ("api_user_id")[0m
  [1m[36mActiveRecord::SchemaMigration Create (0.2ms)[0m  [1m[32mINSERT INTO "schema_migrations" ("version") VALUES (?)[0m  [["version", "20240527211616"]]
  [1m[36mTRANSACTION (3.4ms)[0m  [1m[36mcommit transaction[0m
  [1m[36mActiveRecord::InternalMetadata Load (0.1ms)[0m  [1m[34mSELECT "ar_internal_metadata".* FROM "ar_internal_metadata" WHERE "ar_internal_metadata"."key" = ? LIMIT ?[0m  [["key", "environment"], ["LIMIT", 1]]
  [1m[36mActiveRecord::SchemaMigration Pluck (0.0ms)[0m  [1m[34mSELECT "schema_migrations"."version" FROM "schema_migrations" ORDER BY "schema_migrations"."version" ASC[0m
  [1m[36mActiveRecord::SchemaMigration Pluck (0.1ms)[0m  [1m[34mSELECT "schema_migrations"."version" FROM "schema_migrations" ORDER BY "schema_migrations"."version" ASC[0m
  [1m[36mTRANSACTION (0.0ms)[0m  [1m[36mbegin transaction[0m
  [1m[36mApi::User Create (0.4ms)[0m  [1m[32mINSERT INTO "api_users" ("name", "username", "email", "created_at", "updated_at") VALUES (?, ?, ?, ?, ?)[0m  [["name", "Cindy Misoi"], ["username", "cindy"], ["email", "crmisoi@gmail.com"], ["created_at", "2024-05-27 21:22:29.896081"], ["updated_at", "2024-05-27 21:22:29.896081"]]
  [1m[36mTRANSACTION (2.8ms)[0m  [1m[36mcommit transaction[0m
  [1m[36mActiveRecord::SchemaMigration Pluck (0.1ms)[0m  [1m[34mSELECT "schema_migrations"."version" FROM "schema_migrations" ORDER BY "schema_migrations"."version" ASC[0m
  [1m[36mTRANSACTION (0.0ms)[0m  [1m[36mbegin transaction[0m
  [1m[36mApi::User Create (0.2ms)[0m  [1m[32mINSERT INTO "api_users" ("name", "username", "email", "created_at", "updated_at") VALUES (?, ?, ?, ?, ?)[0m  [["name", "Cindy Misoi"], ["username", "cindy"], ["email", "crmisoi@gmail.com"], ["created_at", "2024-05-27 21:23:32.074187"], ["updated_at", "2024-05-27 21:23:32.074187"]]
  [1m[36mTRANSACTION (2.6ms)[0m  [1m[36mcommit transaction[0m
  [1m[36mActiveRecord::SchemaMigration Pluck (0.1ms)[0m  [1m[34mSELECT "schema_migrations"."version" FROM "schema_migrations" ORDER BY "schema_migrations"."version" ASC[0m
  [1m[36mTRANSACTION (0.0ms)[0m  [1m[36mbegin transaction[0m
  [1m[36mApi::User Create (0.2ms)[0m  [1m[32mINSERT INTO "api_users" ("name", "username", "email", "created_at", "updated_at") VALUES (?, ?, ?, ?, ?)[0m  [["name", "Cindy Misoi"], ["username", "cindy"], ["email", "crmisoi@gmail.com"], ["created_at", "2024-05-27 21:24:33.027675"], ["updated_at", "2024-05-27 21:24:33.027675"]]
  [1m[36mTRANSACTION (2.4ms)[0m  [1m[36mcommit transaction[0m
  [1m[36mActiveRecord::SchemaMigration Pluck (0.1ms)[0m  [1m[34mSELECT "schema_migrations"."version" FROM "schema_migrations" ORDER BY "schema_migrations"."version" ASC[0m
  [1m[36mTRANSACTION (0.1ms)[0m  [1m[36mbegin transaction[0m
  [1m[36mApi::User Create (0.2ms)[0m  [1m[32mINSERT INTO "api_users" ("name", "username", "email", "created_at", "updated_at") VALUES (?, ?, ?, ?, ?)[0m  [["name", "Cindy Misoi"], ["username", "cindy"], ["email", "crmisoi@gmail.com"], ["created_at", "2024-05-27 21:27:14.014347"], ["updated_at", "2024-05-27 21:27:14.014347"]]
  [1m[36mTRANSACTION (2.3ms)[0m  [1m[36mcommit transaction[0m
  [1m[36mTRANSACTION (0.0ms)[0m  [1m[36mbegin transaction[0m
  [1m[36mApi::User Load (0.1ms)[0m  [1m[34mSELECT "api_users".* FROM "api_users" WHERE "api_users"."id" = ? LIMIT ?[0m  [["id", 1], ["LIMIT", 1]]
  [1m[36mApi::Album Create (0.2ms)[0m  [1m[32mINSERT INTO "api_albums" ("api_user_id", "album_title", "created_at", "updated_at") VALUES (?, ?, ?, ?)[0m  [["api_user_id", 1], ["album_title", "Cindys Photos"], ["created_at", "2024-05-27 21:27:14.032835"], ["updated_at", "2024-05-27 21:27:14.032835"]]
  [1m[36mTRANSACTION (2.6ms)[0m  [1m[36mcommit transaction[0m
Started GET "/api/albums" for 127.0.0.1 at 2024-05-28 00:27:35 +0300
  [1m[36mActiveRecord::SchemaMigration Pluck (0.1ms)[0m  [1m[34mSELECT "schema_migrations"."version" FROM "schema_migrations" ORDER BY "schema_migrations"."version" ASC[0m
Processing by Api::AlbumsController#index as HTML
  [1m[36mApi::Album Load (0.3ms)[0m  [1m[34mSELECT "api_albums".* FROM "api_albums"[0m
  ↳ app/controllers/api/albums_controller.rb:5:in `index'
Completed 200 OK in 12ms (Views: 6.6ms | ActiveRecord: 0.6ms | Allocations: 21689)


  [1m[36mActiveRecord::SchemaMigration Pluck (0.1ms)[0m  [1m[34mSELECT "schema_migrations"."version" FROM "schema_migrations" ORDER BY "schema_migrations"."version" ASC[0m
  [1m[36mTRANSACTION (0.0ms)[0m  [1m[36mbegin transaction[0m
  [1m[36mApi::User Create (0.2ms)[0m  [1m[32mINSERT INTO "api_users" ("name", "username", "email", "created_at", "updated_at") VALUES (?, ?, ?, ?, ?)[0m  [["name", "Cindy Misoi"], ["username", "cindy"], ["email", "crmisoi@gmail.com"], ["created_at", "2024-05-27 21:28:02.131732"], ["updated_at", "2024-05-27 21:28:02.131732"]]
  [1m[36mTRANSACTION (2.8ms)[0m  [1m[36mcommit transaction[0m
  [1m[36mTRANSACTION (0.1ms)[0m  [1m[36mbegin transaction[0m
  [1m[36mApi::User Load (0.3ms)[0m  [1m[34mSELECT "api_users".* FROM "api_users" WHERE "api_users"."id" = ? LIMIT ?[0m  [["id", 1], ["LIMIT", 1]]
  [1m[36mApi::Album Create (0.2ms)[0m  [1m[32mINSERT INTO "api_albums" ("api_user_id", "album_title", "created_at", "updated_at") VALUES (?, ?, ?, ?)[0m  [["api_user_id", 1], ["album_title", "Cindy's Photos"], ["created_at", "2024-05-27 21:28:02.148738"], ["updated_at", "2024-05-27 21:28:02.148738"]]
  [1m[36mTRANSACTION (2.5ms)[0m  [1m[36mcommit transaction[0m
Started GET "/api/albums" for 127.0.0.1 at 2024-05-28 00:28:08 +0300
  [1m[36mActiveRecord::SchemaMigration Pluck (0.1ms)[0m  [1m[34mSELECT "schema_migrations"."version" FROM "schema_migrations" ORDER BY "schema_migrations"."version" ASC[0m
Processing by Api::AlbumsController#index as HTML
  [1m[36mApi::Album Load (0.1ms)[0m  [1m[34mSELECT "api_albums".* FROM "api_albums"[0m
  ↳ app/controllers/api/albums_controller.rb:5:in `index'
Completed 200 OK in 13ms (Views: 8.3ms | ActiveRecord: 0.4ms | Allocations: 21795)


  [1m[36mActiveRecord::SchemaMigration Pluck (0.1ms)[0m  [1m[34mSELECT "schema_migrations"."version" FROM "schema_migrations" ORDER BY "schema_migrations"."version" ASC[0m
  [1m[36mActiveRecord::InternalMetadata Pluck (0.1ms)[0m  [1m[34mSELECT "ar_internal_metadata"."value" FROM "ar_internal_metadata" WHERE "ar_internal_metadata"."key" = ? LIMIT ?[0m  [["key", "environment"], ["LIMIT", 1]]
  [1m[36mActiveRecord::SchemaMigration Pluck (0.0ms)[0m  [1m[34mSELECT "schema_migrations"."version" FROM "schema_migrations" ORDER BY "schema_migrations"."version" ASC[0m
  [1m[36mActiveRecord::InternalMetadata Pluck (0.0ms)[0m  [1m[34mSELECT "ar_internal_metadata"."value" FROM "ar_internal_metadata" WHERE "ar_internal_metadata"."key" = ? LIMIT ?[0m  [["key", "environment"], ["LIMIT", 1]]
  [1m[36mActiveRecord::SchemaMigration Pluck (0.0ms)[0m  [1m[34mSELECT "schema_migrations"."version" FROM "schema_migrations" ORDER BY "schema_migrations"."version" ASC[0m
  [1m[36mActiveRecord::InternalMetadata Pluck (0.0ms)[0m  [1m[34mSELECT "ar_internal_metadata"."value" FROM "ar_internal_metadata" WHERE "ar_internal_metadata"."key" = ? LIMIT ?[0m  [["key", "environment"], ["LIMIT", 1]]
  [1m[35m (0.0ms)[0m  [1m[35mDROP TABLE IF EXISTS "api_albums"[0m
  [1m[35m (3.4ms)[0m  [1m[35mCREATE TABLE "api_albums" ("id" integer PRIMARY KEY AUTOINCREMENT NOT NULL, "api_user_id" integer NOT NULL, "album_title" varchar, "created_at" datetime(6) NOT NULL, "updated_at" datetime(6) NOT NULL)[0m
  [1m[35m (3.0ms)[0m  [1m[35mCREATE INDEX "index_api_albums_on_api_user_id" ON "api_albums" ("api_user_id")[0m
  [1m[35m (0.1ms)[0m  [1m[35mDROP TABLE IF EXISTS "api_users"[0m
  [1m[35m (3.4ms)[0m  [1m[35mCREATE TABLE "api_users" ("id" integer PRIMARY KEY AUTOINCREMENT NOT NULL, "name" varchar, "username" varchar, "email" varchar, "created_at" datetime(6) NOT NULL, "updated_at" datetime(6) NOT NULL)[0m
  [1m[36mTRANSACTION (0.0ms)[0m  [1m[36mbegin transaction[0m
  [1m[35m (0.1ms)[0m  [1m[35mPRAGMA foreign_keys[0m
  [1m[35m (0.1ms)[0m  [1m[35mPRAGMA defer_foreign_keys[0m
  [1m[35m (0.0ms)[0m  [1m[35mPRAGMA defer_foreign_keys = ON[0m
  [1m[35m (0.0ms)[0m  [1m[35mPRAGMA foreign_keys = OFF[0m
  [1m[35m (0.1ms)[0m  [1m[35mCREATE TEMPORARY TABLE "aapi_albums" ("id" integer NOT NULL PRIMARY KEY, "api_user_id" integer NOT NULL, "album_title" varchar DEFAULT NULL, "created_at" datetime(6) NOT NULL, "updated_at" datetime(6) NOT NULL)[0m
  [1m[35m (0.1ms)[0m  [1m[35mCREATE INDEX "tindex_aapi_albums_on_api_user_id" ON "aapi_albums" ("api_user_id")[0m
  [1m[35m (0.0ms)[0m  [1m[32mINSERT INTO "aapi_albums" ("id","api_user_id","album_title","created_at","updated_at")
                     SELECT "id","api_user_id","album_title","created_at","updated_at" FROM "api_albums"[0m
  [1m[35m (0.2ms)[0m  [1m[35mDROP TABLE "api_albums"[0m
  [1m[35m (0.1ms)[0m  [1m[35mCREATE TABLE "api_albums" ("id" integer NOT NULL PRIMARY KEY, "api_user_id" integer NOT NULL, "album_title" varchar DEFAULT NULL, "created_at" datetime(6) NOT NULL, "updated_at" datetime(6) NOT NULL, CONSTRAINT "fk_rails_2063996bab"
FOREIGN KEY ("api_user_id")
  REFERENCES "api_users" ("id")
)[0m
  [1m[35m (0.1ms)[0m  [1m[35mCREATE INDEX "index_api_albums_on_api_user_id" ON "api_albums" ("api_user_id")[0m
  [1m[35m (0.0ms)[0m  [1m[32mINSERT INTO "api_albums" ("id","api_user_id","album_title","created_at","updated_at")
                     SELECT "id","api_user_id","album_title","created_at","updated_at" FROM "aapi_albums"[0m
  [1m[35m (0.1ms)[0m  [1m[35mDROP TABLE "aapi_albums"[0m
  [1m[35m (0.0ms)[0m  [1m[35mPRAGMA defer_foreign_keys = 0[0m
  [1m[35m (0.0ms)[0m  [1m[35mPRAGMA foreign_keys = 1[0m
  [1m[36mTRANSACTION (2.3ms)[0m  [1m[36mcommit transaction[0m
  [1m[35m (3.0ms)[0m  [1m[35mCREATE TABLE "schema_migrations" ("version" varchar NOT NULL PRIMARY KEY)[0m
  [1m[36mActiveRecord::SchemaMigration Pluck (0.1ms)[0m  [1m[34mSELECT "schema_migrations"."version" FROM "schema_migrations" ORDER BY "schema_migrations"."version" ASC[0m
  [1m[35m (2.5ms)[0m  [1m[32mINSERT INTO "schema_migrations" (version) VALUES (20240527211616)[0m
  [1m[35m (2.5ms)[0m  [1m[32mINSERT INTO "schema_migrations" (version) VALUES
(20240527210637);

[0m
  [1m[35m (3.1ms)[0m  [1m[35mCREATE TABLE "ar_internal_metadata" ("key" varchar NOT NULL PRIMARY KEY, "value" varchar, "created_at" datetime(6) NOT NULL, "updated_at" datetime(6) NOT NULL)[0m
  [1m[36mActiveRecord::InternalMetadata Load (0.1ms)[0m  [1m[34mSELECT "ar_internal_metadata".* FROM "ar_internal_metadata" WHERE "ar_internal_metadata"."key" = ? LIMIT ?[0m  [["key", "environment"], ["LIMIT", 1]]
  [1m[36mTRANSACTION (0.1ms)[0m  [1m[36mbegin transaction[0m
  [1m[36mActiveRecord::InternalMetadata Create (0.2ms)[0m  [1m[32mINSERT INTO "ar_internal_metadata" ("key", "value", "created_at", "updated_at") VALUES (?, ?, ?, ?)[0m  [["key", "environment"], ["value", "development"], ["created_at", "2024-05-27 21:28:26.607137"], ["updated_at", "2024-05-27 21:28:26.607137"]]
  [1m[36mTRANSACTION (2.4ms)[0m  [1m[36mcommit transaction[0m
  [1m[36mActiveRecord::InternalMetadata Load (0.0ms)[0m  [1m[34mSELECT "ar_internal_metadata".* FROM "ar_internal_metadata" WHERE "ar_internal_metadata"."key" = ? LIMIT ?[0m  [["key", "environment"], ["LIMIT", 1]]
  [1m[36mActiveRecord::InternalMetadata Load (0.0ms)[0m  [1m[34mSELECT "ar_internal_metadata".* FROM "ar_internal_metadata" WHERE "ar_internal_metadata"."key" = ? LIMIT ?[0m  [["key", "schema_sha1"], ["LIMIT", 1]]
  [1m[36mTRANSACTION (0.0ms)[0m  [1m[36mbegin transaction[0m
  [1m[36mActiveRecord::InternalMetadata Create (0.1ms)[0m  [1m[32mINSERT INTO "ar_internal_metadata" ("key", "value", "created_at", "updated_at") VALUES (?, ?, ?, ?)[0m  [["key", "schema_sha1"], ["value", "853c27d59423971bd2aaa471a6dc60b9bf4a7bc2"], ["created_at", "2024-05-27 21:28:26.613564"], ["updated_at", "2024-05-27 21:28:26.613564"]]
  [1m[36mTRANSACTION (2.3ms)[0m  [1m[36mcommit transaction[0m
  [1m[35m (0.0ms)[0m  [1m[35mDROP TABLE IF EXISTS "api_albums"[0m
  [1m[35m (3.1ms)[0m  [1m[35mCREATE TABLE "api_albums" ("id" integer PRIMARY KEY AUTOINCREMENT NOT NULL, "api_user_id" integer NOT NULL, "album_title" varchar, "created_at" datetime(6) NOT NULL, "updated_at" datetime(6) NOT NULL)[0m
  [1m[35m (3.0ms)[0m  [1m[35mCREATE INDEX "index_api_albums_on_api_user_id" ON "api_albums" ("api_user_id")[0m
  [1m[35m (0.0ms)[0m  [1m[35mDROP TABLE IF EXISTS "api_users"[0m
  [1m[35m (3.0ms)[0m  [1m[35mCREATE TABLE "api_users" ("id" integer PRIMARY KEY AUTOINCREMENT NOT NULL, "name" varchar, "username" varchar, "email" varchar, "created_at" datetime(6) NOT NULL, "updated_at" datetime(6) NOT NULL)[0m
  [1m[36mTRANSACTION (0.0ms)[0m  [1m[36mbegin transaction[0m
  [1m[35m (0.0ms)[0m  [1m[35mPRAGMA foreign_keys[0m
  [1m[35m (0.0ms)[0m  [1m[35mPRAGMA defer_foreign_keys[0m
  [1m[35m (0.0ms)[0m  [1m[35mPRAGMA defer_foreign_keys = ON[0m
  [1m[35m (0.0ms)[0m  [1m[35mPRAGMA foreign_keys = OFF[0m
  [1m[35m (0.1ms)[0m  [1m[35mCREATE TEMPORARY TABLE "aapi_albums" ("id" integer NOT NULL PRIMARY KEY, "api_user_id" integer NOT NULL, "album_title" varchar DEFAULT NULL, "created_at" datetime(6) NOT NULL, "updated_at" datetime(6) NOT NULL)[0m
  [1m[35m (0.1ms)[0m  [1m[35mCREATE INDEX "tindex_aapi_albums_on_api_user_id" ON "aapi_albums" ("api_user_id")[0m
  [1m[35m (0.0ms)[0m  [1m[32mINSERT INTO "aapi_albums" ("id","api_user_id","album_title","created_at","updated_at")
                     SELECT "id","api_user_id","album_title","created_at","updated_at" FROM "api_albums"[0m
  [1m[35m (0.2ms)[0m  [1m[35mDROP TABLE "api_albums"[0m
  [1m[35m (0.1ms)[0m  [1m[35mCREATE TABLE "api_albums" ("id" integer NOT NULL PRIMARY KEY, "api_user_id" integer NOT NULL, "album_title" varchar DEFAULT NULL, "created_at" datetime(6) NOT NULL, "updated_at" datetime(6) NOT NULL, CONSTRAINT "fk_rails_2063996bab"
FOREIGN KEY ("api_user_id")
  REFERENCES "api_users" ("id")
)[0m
  [1m[35m (0.1ms)[0m  [1m[35mCREATE INDEX "index_api_albums_on_api_user_id" ON "api_albums" ("api_user_id")[0m
  [1m[35m (0.1ms)[0m  [1m[32mINSERT INTO "api_albums" ("id","api_user_id","album_title","created_at","updated_at")
                     SELECT "id","api_user_id","album_title","created_at","updated_at" FROM "aapi_albums"[0m
  [1m[35m (0.1ms)[0m  [1m[35mDROP TABLE "aapi_albums"[0m
  [1m[35m (0.0ms)[0m  [1m[35mPRAGMA defer_foreign_keys = 0[0m
  [1m[35m (0.0ms)[0m  [1m[35mPRAGMA foreign_keys = 1[0m
  [1m[36mTRANSACTION (2.6ms)[0m  [1m[36mcommit transaction[0m
  [1m[35m (3.5ms)[0m  [1m[35mCREATE TABLE "schema_migrations" ("version" varchar NOT NULL PRIMARY KEY)[0m
  [1m[36mActiveRecord::SchemaMigration Pluck (0.0ms)[0m  [1m[34mSELECT "schema_migrations"."version" FROM "schema_migrations" ORDER BY "schema_migrations"."version" ASC[0m
  [1m[35m (2.5ms)[0m  [1m[32mINSERT INTO "schema_migrations" (version) VALUES (20240527211616)[0m
  [1m[35m (2.7ms)[0m  [1m[32mINSERT INTO "schema_migrations" (version) VALUES
(20240527210637);

[0m
  [1m[35m (3.7ms)[0m  [1m[35mCREATE TABLE "ar_internal_metadata" ("key" varchar NOT NULL PRIMARY KEY, "value" varchar, "created_at" datetime(6) NOT NULL, "updated_at" datetime(6) NOT NULL)[0m
  [1m[36mActiveRecord::InternalMetadata Load (0.1ms)[0m  [1m[34mSELECT "ar_internal_metadata".* FROM "ar_internal_metadata" WHERE "ar_internal_metadata"."key" = ? LIMIT ?[0m  [["key", "environment"], ["LIMIT", 1]]
  [1m[36mTRANSACTION (0.0ms)[0m  [1m[36mbegin transaction[0m
  [1m[36mActiveRecord::InternalMetadata Create (0.1ms)[0m  [1m[32mINSERT INTO "ar_internal_metadata" ("key", "value", "created_at", "updated_at") VALUES (?, ?, ?, ?)[0m  [["key", "environment"], ["value", "development"], ["created_at", "2024-05-27 21:28:26.689222"], ["updated_at", "2024-05-27 21:28:26.689222"]]
  [1m[36mTRANSACTION (2.6ms)[0m  [1m[36mcommit transaction[0m
  [1m[36mActiveRecord::InternalMetadata Load (0.0ms)[0m  [1m[34mSELECT "ar_internal_metadata".* FROM "ar_internal_metadata" WHERE "ar_internal_metadata"."key" = ? LIMIT ?[0m  [["key", "environment"], ["LIMIT", 1]]
  [1m[36mTRANSACTION (0.0ms)[0m  [1m[36mbegin transaction[0m
  [1m[36mActiveRecord::InternalMetadata Update (0.1ms)[0m  [1m[33mUPDATE "ar_internal_metadata" SET "value" = ?, "updated_at" = ? WHERE "ar_internal_metadata"."key" = ?[0m  [["value", "test"], ["updated_at", "2024-05-27 21:28:26.694152"], ["key", "environment"]]
  [1m[36mTRANSACTION (2.8ms)[0m  [1m[36mcommit transaction[0m
  [1m[36mActiveRecord::InternalMetadata Load (0.0ms)[0m  [1m[34mSELECT "ar_internal_metadata".* FROM "ar_internal_metadata" WHERE "ar_internal_metadata"."key" = ? LIMIT ?[0m  [["key", "schema_sha1"], ["LIMIT", 1]]
  [1m[36mTRANSACTION (0.0ms)[0m  [1m[36mbegin transaction[0m
  [1m[36mActiveRecord::InternalMetadata Create (0.1ms)[0m  [1m[32mINSERT INTO "ar_internal_metadata" ("key", "value", "created_at", "updated_at") VALUES (?, ?, ?, ?)[0m  [["key", "schema_sha1"], ["value", "853c27d59423971bd2aaa471a6dc60b9bf4a7bc2"], ["created_at", "2024-05-27 21:28:26.699184"], ["updated_at", "2024-05-27 21:28:26.699184"]]
  [1m[36mTRANSACTION (2.4ms)[0m  [1m[36mcommit transaction[0m
  [1m[36mActiveRecord::SchemaMigration Pluck (0.0ms)[0m  [1m[34mSELECT "schema_migrations"."version" FROM "schema_migrations" ORDER BY "schema_migrations"."version" ASC[0m
  [1m[36mTRANSACTION (0.0ms)[0m  [1m[36mbegin transaction[0m
  [1m[36mApi::User Create (0.2ms)[0m  [1m[32mINSERT INTO "api_users" ("name", "username", "email", "created_at", "updated_at") VALUES (?, ?, ?, ?, ?)[0m  [["name", "Cindy Misoi"], ["username", "cindy"], ["email", "crmisoi@gmail.com"], ["created_at", "2024-05-27 21:28:26.713119"], ["updated_at", "2024-05-27 21:28:26.713119"]]
  [1m[36mTRANSACTION (2.4ms)[0m  [1m[36mcommit transaction[0m
  [1m[36mTRANSACTION (0.0ms)[0m  [1m[36mbegin transaction[0m
  [1m[36mApi::User Load (0.1ms)[0m  [1m[34mSELECT "api_users".* FROM "api_users" WHERE "api_users"."id" = ? LIMIT ?[0m  [["id", 1], ["LIMIT", 1]]
  [1m[36mApi::Album Create (0.1ms)[0m  [1m[32mINSERT INTO "api_albums" ("api_user_id", "album_title", "created_at", "updated_at") VALUES (?, ?, ?, ?)[0m  [["api_user_id", 1], ["album_title", "Cindy's Photos"], ["created_at", "2024-05-27 21:28:26.731028"], ["updated_at", "2024-05-27 21:28:26.731028"]]
  [1m[36mTRANSACTION (2.4ms)[0m  [1m[36mcommit transaction[0m
Started GET "/" for 127.0.0.1 at 2024-05-28 00:31:25 +0300
  [1m[36mActiveRecord::SchemaMigration Pluck (0.3ms)[0m  [1m[34mSELECT "schema_migrations"."version" FROM "schema_migrations" ORDER BY "schema_migrations"."version" ASC[0m
Processing by Rails::WelcomeController#index as HTML
  Rendering /home/user/.rvm/gems/ruby-3.0.0/gems/railties-7.0.8.3/lib/rails/templates/rails/welcome/index.html.erb
  Rendered /home/user/.rvm/gems/ruby-3.0.0/gems/railties-7.0.8.3/lib/rails/templates/rails/welcome/index.html.erb (Duration: 1.0ms | Allocations: 727)
Completed 200 OK in 12ms (Views: 2.9ms | ActiveRecord: 0.0ms | Allocations: 6766)


Started GET "/api/albums" for 127.0.0.1 at 2024-05-28 00:31:34 +0300
Processing by Api::AlbumsController#index as HTML
  [1m[36mApi::Album Load (0.3ms)[0m  [1m[34mSELECT "api_albums".* FROM "api_albums"[0m
  ↳ app/controllers/api/albums_controller.rb:5:in `index'
Completed 200 OK in 11ms (Views: 7.2ms | ActiveRecord: 0.6ms | Allocations: 19079)


  [1m[36mActiveRecord::SchemaMigration Pluck (0.1ms)[0m  [1m[34mSELECT "schema_migrations"."version" FROM "schema_migrations" ORDER BY "schema_migrations"."version" ASC[0m
Migrating to CreateApiPhotos (20240527213550)
  [1m[36mTRANSACTION (0.0ms)[0m  [1m[36mbegin transaction[0m
  [1m[35m (0.2ms)[0m  [1m[35mCREATE TABLE "api_photos" ("id" integer PRIMARY KEY AUTOINCREMENT NOT NULL, "api_album_id" integer NOT NULL, "photo_title" varchar, "image_url" varchar, "created_at" datetime(6) NOT NULL, "updated_at" datetime(6) NOT NULL, CONSTRAINT "fk_rails_acccf1bcf7"
FOREIGN KEY ("api_album_id")
  REFERENCES "api_albums" ("id")
)[0m
  [1m[35m (0.1ms)[0m  [1m[35mCREATE INDEX "index_api_photos_on_api_album_id" ON "api_photos" ("api_album_id")[0m
  [1m[36mActiveRecord::SchemaMigration Create (0.2ms)[0m  [1m[32mINSERT INTO "schema_migrations" ("version") VALUES (?)[0m  [["version", "20240527213550"]]
  [1m[36mTRANSACTION (3.1ms)[0m  [1m[36mcommit transaction[0m
  [1m[36mActiveRecord::InternalMetadata Load (0.2ms)[0m  [1m[34mSELECT "ar_internal_metadata".* FROM "ar_internal_metadata" WHERE "ar_internal_metadata"."key" = ? LIMIT ?[0m  [["key", "environment"], ["LIMIT", 1]]
  [1m[36mActiveRecord::SchemaMigration Pluck (0.0ms)[0m  [1m[34mSELECT "schema_migrations"."version" FROM "schema_migrations" ORDER BY "schema_migrations"."version" ASC[0m
  [1m[36mActiveRecord::SchemaMigration Pluck (0.1ms)[0m  [1m[34mSELECT "schema_migrations"."version" FROM "schema_migrations" ORDER BY "schema_migrations"."version" ASC[0m
  [1m[36mTRANSACTION (0.1ms)[0m  [1m[36mbegin transaction[0m
  [1m[36mApi::User Create (0.3ms)[0m  [1m[32mINSERT INTO "api_users" ("name", "username", "email", "created_at", "updated_at") VALUES (?, ?, ?, ?, ?)[0m  [["name", "Cindy Misoi"], ["username", "cindy"], ["email", "crmisoi@gmail.com"], ["created_at", "2024-05-27 21:43:19.073060"], ["updated_at", "2024-05-27 21:43:19.073060"]]
  [1m[36mTRANSACTION (2.6ms)[0m  [1m[36mcommit transaction[0m
  [1m[36mTRANSACTION (0.0ms)[0m  [1m[36mbegin transaction[0m
  [1m[36mApi::User Load (0.1ms)[0m  [1m[34mSELECT "api_users".* FROM "api_users" WHERE "api_users"."id" = ? LIMIT ?[0m  [["id", 1], ["LIMIT", 1]]
  [1m[36mApi::Album Create (0.2ms)[0m  [1m[32mINSERT INTO "api_albums" ("api_user_id", "album_title", "created_at", "updated_at") VALUES (?, ?, ?, ?)[0m  [["api_user_id", 1], ["album_title", "Cindy's Photos"], ["created_at", "2024-05-27 21:43:19.103189"], ["updated_at", "2024-05-27 21:43:19.103189"]]
  [1m[36mTRANSACTION (16.2ms)[0m  [1m[36mcommit transaction[0m
  [1m[36mTRANSACTION (0.0ms)[0m  [1m[36mbegin transaction[0m
  [1m[36mApi::Album Load (0.1ms)[0m  [1m[34mSELECT "api_albums".* FROM "api_albums" WHERE "api_albums"."id" = ? LIMIT ?[0m  [["id", 1], ["LIMIT", 1]]
  [1m[36mApi::Photo Create (0.1ms)[0m  [1m[32mINSERT INTO "api_photos" ("api_album_id", "photo_title", "image_url", "created_at", "updated_at") VALUES (?, ?, ?, ?, ?)[0m  [["api_album_id", 1], ["photo_title", "Cindy's Photo-1"], ["image_url", "https://t4.ftcdn.net/jpg/00/65/77/27/360_F_65772719_A1UV5kLi5nCEWI0BNLLiFaBPEkUbv5Fv.jpg"], ["created_at", "2024-05-27 21:43:19.163928"], ["updated_at", "2024-05-27 21:43:19.163928"]]
  [1m[36mTRANSACTION (2.5ms)[0m  [1m[36mcommit transaction[0m
Started GET "/" for 127.0.0.1 at 2024-05-28 00:44:10 +0300
  [1m[36mActiveRecord::SchemaMigration Pluck (0.1ms)[0m  [1m[34mSELECT "schema_migrations"."version" FROM "schema_migrations" ORDER BY "schema_migrations"."version" ASC[0m
Processing by Rails::WelcomeController#index as HTML
  Rendering /home/user/.rvm/gems/ruby-3.0.0/gems/railties-7.0.8.3/lib/rails/templates/rails/welcome/index.html.erb
  Rendered /home/user/.rvm/gems/ruby-3.0.0/gems/railties-7.0.8.3/lib/rails/templates/rails/welcome/index.html.erb (Duration: 1.4ms | Allocations: 727)
Completed 200 OK in 9ms (Views: 3.9ms | ActiveRecord: 0.0ms | Allocations: 6790)


Started GET "/api/photos" for 127.0.0.1 at 2024-05-28 00:44:28 +0300
Processing by Api::PhotosController#index as HTML
  [1m[36mApi::Photo Load (0.1ms)[0m  [1m[34mSELECT "api_photos".* FROM "api_photos"[0m
  ↳ app/controllers/api/photos_controller.rb:5:in `index'
Completed 200 OK in 10ms (Views: 6.5ms | ActiveRecord: 0.4ms | Allocations: 19623)


